<?xml version="1.0" encoding="UTF-8" ?>
<testsuites time="0.043503" tests="16" failures="0" errors="0">
<testsuite name="OpenCounter\Domain\Model\Counter\CounterId" time="0.017835" tests="5" failures="0" errors="0" skipped="0">
<testcase name="it is initializable" time="0.008589" classname="spec\OpenCounter\Domain\Model\Counter\CounterIdSpec" status="passed" />
<testcase name="its id" time="0.000441" classname="spec\OpenCounter\Domain\Model\Counter\CounterIdSpec" status="passed" />
<testcase name="it should not be equals" time="0.007008" classname="spec\OpenCounter\Domain\Model\Counter\CounterIdSpec" status="passed" />
<testcase name="it should be equals" time="0.001138" classname="spec\OpenCounter\Domain\Model\Counter\CounterIdSpec" status="passed" />
<testcase name="its to string" time="0.000298" classname="spec\OpenCounter\Domain\Model\Counter\CounterIdSpec" status="passed" />
</testsuite>
<testsuite name="OpenCounter\Domain\Model\Counter\Counter" time="0.004651" tests="3" failures="0" errors="0" skipped="0">
<testcase name="it is initializable" time="0.001698" classname="spec\OpenCounter\Domain\Model\Counter\CounterSpec" status="passed" />
<testcase name="its id" time="0.001430" classname="spec\OpenCounter\Domain\Model\Counter\CounterSpec" status="passed" />
<testcase name="its value" time="0.001396" classname="spec\OpenCounter\Domain\Model\Counter\CounterSpec" status="passed" />
</testsuite>
<testsuite name="OpenCounter\Domain\Model\Counter\CounterValue" time="0.000265" tests="1" failures="0" errors="0" skipped="0">
<testcase name="it is initializable" time="0.000225" classname="spec\OpenCounter\Domain\Model\Counter\CounterValueSpec" status="passed" />
</testsuite>
<testsuite name="OpenCounter\Infrastructure\Persistence\Sql\Repository\Counter\SqlCounterRepository" time="0.014987" tests="4" failures="0" errors="0" skipped="0">
<testcase name="it removes" time="0.005643" classname="spec\OpenCounter\Infrastructure\Persistence\Sql\Repository\Counter\SqlCounterRepositorySpec" status="passed" />
<testcase name="its counter of id when it does not exist" time="0.003547" classname="spec\OpenCounter\Infrastructure\Persistence\Sql\Repository\Counter\SqlCounterRepositorySpec" status="passed" />
<testcase name="its counter of id" time="0.003474" classname="spec\OpenCounter\Infrastructure\Persistence\Sql\Repository\Counter\SqlCounterRepositorySpec" status="passed" />
<testcase name="its query when the specification is not a sql counter specification" time="0.002127" classname="spec\OpenCounter\Infrastructure\Persistence\Sql\Repository\Counter\SqlCounterRepositorySpec" status="passed" />
</testsuite>
<testsuite name="OpenCounter\Infrastructure\Persistence\Sql\SqlManager" time="0.005628" tests="3" failures="0" errors="0" skipped="0">
<testcase name="it initializable" time="0.002164" classname="spec\OpenCounter\Infrastructure\Persistence\Sql\SqlManagerSpec" status="passed" />
<testcase name="its connection" time="0.001474" classname="spec\OpenCounter\Infrastructure\Persistence\Sql\SqlManagerSpec" status="passed" />
<testcase name="it executes" time="0.001639" classname="spec\OpenCounter\Infrastructure\Persistence\Sql\SqlManagerSpec" status="passed" />
</testsuite>
</testsuites>