<?xml version="1.0" encoding="UTF-8" ?>
<testsuites time="0.054222" tests="21" failures="0" errors="0">
<testsuite name="OpenCounter\Domain\Model\Counter\CounterId" time="0.018392" tests="5" failures="0" errors="0" skipped="0">
<testcase name="it is initializable" time="0.008568" classname="spec\OpenCounter\Domain\Model\Counter\CounterIdSpec" status="passed" />
<testcase name="its id" time="0.000510" classname="spec\OpenCounter\Domain\Model\Counter\CounterIdSpec" status="passed" />
<testcase name="it should not be equals" time="0.007413" classname="spec\OpenCounter\Domain\Model\Counter\CounterIdSpec" status="passed" />
<testcase name="it should be equals" time="0.001155" classname="spec\OpenCounter\Domain\Model\Counter\CounterIdSpec" status="passed" />
<testcase name="its to string" time="0.000297" classname="spec\OpenCounter\Domain\Model\Counter\CounterIdSpec" status="passed" />
</testsuite>
<testsuite name="OpenCounter\Domain\Model\Counter\CounterName" time="0.000821" tests="2" failures="0" errors="0" skipped="0">
<testcase name="it is initializable" time="0.000428" classname="spec\OpenCounter\Domain\Model\Counter\CounterNameSpec" status="passed" />
<testcase name="its Name" time="0.000300" classname="spec\OpenCounter\Domain\Model\Counter\CounterNameSpec" status="passed" />
</testsuite>
<testsuite name="OpenCounter\Domain\Model\Counter\Counter" time="0.006779" tests="4" failures="0" errors="0" skipped="0">
<testcase name="it is initializable" time="0.001781" classname="spec\OpenCounter\Domain\Model\Counter\CounterSpec" status="passed" />
<testcase name="it stores counter id" time="0.001585" classname="spec\OpenCounter\Domain\Model\Counter\CounterSpec" status="passed" />
<testcase name="it stores counter value" time="0.001578" classname="spec\OpenCounter\Domain\Model\Counter\CounterSpec" status="passed" />
<testcase name="it can be incremented" time="0.001669" classname="spec\OpenCounter\Domain\Model\Counter\CounterSpec" status="passed" />
</testsuite>
<testsuite name="OpenCounter\Domain\Model\Counter\CounterValue" time="0.000578" tests="2" failures="0" errors="0" skipped="0">
<testcase name="it is initializable" time="0.000245" classname="spec\OpenCounter\Domain\Model\Counter\CounterValueSpec" status="passed" />
<testcase name="its can be incremented" time="0.000258" classname="spec\OpenCounter\Domain\Model\Counter\CounterValueSpec" status="passed" />
</testsuite>
<testsuite name="OpenCounter\Infrastructure\Persistence\Sql\Repository\Counter\SqlCounterRepository" time="0.023464" tests="5" failures="0" errors="0" skipped="0">
<testcase name="it removes counters by id" time="0.007012" classname="spec\OpenCounter\Infrastructure\Persistence\Sql\Repository\Counter\SqlCounterRepositorySpec" status="passed" />
<testcase name="it returns id if counter doesnt exist" time="0.003977" classname="spec\OpenCounter\Infrastructure\Persistence\Sql\Repository\Counter\SqlCounterRepositorySpec" status="passed" />
<testcase name="it will return counter object of id" time="0.003795" classname="spec\OpenCounter\Infrastructure\Persistence\Sql\Repository\Counter\SqlCounterRepositorySpec" status="passed" />
<testcase name="it cannot return counters by name if none exist" time="0.003758" classname="spec\OpenCounter\Infrastructure\Persistence\Sql\Repository\Counter\SqlCounterRepositorySpec" status="passed" />
<testcase name="it can get counters by their name" time="0.004681" classname="spec\OpenCounter\Infrastructure\Persistence\Sql\Repository\Counter\SqlCounterRepositorySpec" status="passed" />
</testsuite>
<testsuite name="OpenCounter\Infrastructure\Persistence\Sql\SqlManager" time="0.004033" tests="3" failures="0" errors="0" skipped="0">
<testcase name="it initializable" time="0.001360" classname="spec\OpenCounter\Infrastructure\Persistence\Sql\SqlManagerSpec" status="passed" />
<testcase name="its connection" time="0.000935" classname="spec\OpenCounter\Infrastructure\Persistence\Sql\SqlManagerSpec" status="passed" />
<testcase name="it executes" time="0.001507" classname="spec\OpenCounter\Infrastructure\Persistence\Sql\SqlManagerSpec" status="passed" />
</testsuite>
</testsuites>